<?xml version="1.0" encoding="UTF-8"?>
<testng-results skipped="0" failed="0" ignored="0" total="1" passed="1">
  <reporter-output>
  </reporter-output>
  <suite name="test.LoginTest" duration-ms="5325" started-at="2021-01-26T17:25:56Z" finished-at="2021-01-26T17:26:02Z">
    <groups>
    </groups>
    <test name="Command line test" duration-ms="5325" started-at="2021-01-26T17:25:56Z" finished-at="2021-01-26T17:26:02Z">
      <class name="test.LoginTest">
        <test-method status="PASS" signature="validlogInUser()[pri:0, instance:test.LoginTest@506e6d5e]" name="validlogInUser" duration-ms="5293" started-at="2021-01-26T17:25:56Z" finished-at="2021-01-26T17:26:02Z">
          <reporter-output>
          </reporter-output>
        </test-method> <!-- validlogInUser -->
      </class> <!-- test.LoginTest -->
    </test> <!-- Command line test -->
  </suite> <!-- test.LoginTest -->
</testng-results>
